[debug] [2026-03-08T15:47:09.832Z] ----------------------------------------------------------------------
[debug] [2026-03-08T15:47:09.844Z] Command:       C:\Program Files\nodejs\node.exe C:\Users\HP\AppData\Roaming\npm\node_modules\firebase-tools\lib\bin\firebase.js login
[debug] [2026-03-08T15:47:09.845Z] CLI Version:   15.9.0
[debug] [2026-03-08T15:47:09.845Z] Platform:      win32
[debug] [2026-03-08T15:47:09.845Z] Node Version:  v22.17.1
[debug] [2026-03-08T15:47:09.845Z] Time:          Sun Mar 08 2026 21:17:09 GMT+0530 (India Standard Time)
[debug] [2026-03-08T15:47:09.846Z] ----------------------------------------------------------------------
[debug] 
[debug] [2026-03-08T15:47:09.848Z] >>> [apiv2][query] GET https://firebase-public.firebaseio.com/cli.json [none]
[info] Already logged in as solensarkar3938@gmail.com
[debug] [2026-03-08T15:47:11.157Z] <<< [apiv2][status] GET https://firebase-public.firebaseio.com/cli.json 200
[debug] [2026-03-08T15:47:11.157Z] <<< [apiv2][body] GET https://firebase-public.firebaseio.com/cli.json {"cloudBuildErrorAfter":1594252800000,"cloudBuildWarnAfter":1590019200000,"defaultNode10After":1594252800000,"minVersion":"3.0.5","node8DeploysDisabledAfter":1613390400000,"node8RuntimeDisabledAfter":1615809600000,"node8WarnAfter":1600128000000}
[debug] [2026-03-08T15:47:16.057Z] Error: Timed out.
    at Timeout._onTimeout (C:\Users\HP\AppData\Roaming\npm\node_modules\firebase-tools\lib\utils.js:308:49)
    at listOnTimeout (node:internal/timers:588:17)
    at process.processTimers (node:internal/timers:523:7)
[error] 
[error] Error: An unexpected error has occurred.
[debug] [2026-03-08T15:47:29.912Z] ----------------------------------------------------------------------
[debug] [2026-03-08T15:47:29.914Z] Command:       C:\Program Files\nodejs\node.exe C:\Users\HP\AppData\Roaming\npm\node_modules\firebase-tools\lib\bin\firebase.js init
[debug] [2026-03-08T15:47:29.915Z] CLI Version:   15.9.0
[debug] [2026-03-08T15:47:29.915Z] Platform:      win32
[debug] [2026-03-08T15:47:29.915Z] Node Version:  v22.17.1
[debug] [2026-03-08T15:47:29.915Z] Time:          Sun Mar 08 2026 21:17:29 GMT+0530 (India Standard Time)
[debug] [2026-03-08T15:47:29.916Z] ----------------------------------------------------------------------
[debug] 
[info] 
     ######## #### ########  ######## ########     ###     ######  ########
     ##        ##  ##     ## ##       ##     ##  ##   ##  ##       ##
     ######    ##  ########  ######   ########  #########  ######  ######
     ##        ##  ##    ##  ##       ##     ## ##     ##       ## ##
     ##       #### ##     ## ######## ########  ##     ##  ######  ########

You're about to initialize a Firebase project in this directory:

  D:\QMS

[info] 
=== Project Setup
[info] 
[info] First, let's associate this project directory with a Firebase project.
[info] You can create multiple project aliases by running firebase use --add, 
[info] 
[info] i  If you want to create a project in a Google Cloud organization or folder, please use "firebase projects:create" instead, and return to this command when you've created the project. 
[debug] [2026-03-08T15:49:05.340Z] > command requires scopes: ["email","openid","https://www.googleapis.com/auth/cloudplatformprojects.readonly","https://www.googleapis.com/auth/firebase","https://www.googleapis.com/auth/cloud-platform"]
[debug] [2026-03-08T15:49:05.340Z] > authorizing via signed-in user (solensarkar3938@gmail.com)
[debug] [2026-03-08T16:01:45.251Z] ExitPromptError: User force closed the prompt with SIGINT
    at Interface.sigint (C:\Users\HP\AppData\Roaming\npm\node_modules\firebase-tools\node_modules\@inquirer\core\dist\commonjs\lib\create-prompt.js:101:37)
    at Interface.emit (node:events:518:28)
    at [_ttyWrite] [as _ttyWrite] (node:internal/readline/interface:1132:18)
    at ReadStream.onkeypress (node:internal/readline/interface:271:20)
    at ReadStream.emit (node:events:530:35)
    at emitKeys (node:internal/readline/utils:370:14)
    at emitKeys.next (<anonymous>)
    at ReadStream.onData (node:internal/readline/emitKeypressEvents:64:36)
    at ReadStream.emit (node:events:518:28)
    at addChunk (node:internal/streams/readable:561:12)
[error] 
[error] Error: An unexpected error has occurred.
